<?xml version="1.0" encoding="UTF-8"?>
<testsuite xmlns:xsi="http://www.w3.org/2001/XMLSchema-instance" xsi:noNamespaceSchemaLocation="https://maven.apache.org/surefire/maven-surefire-plugin/xsd/surefire-test-report-3.0.xsd" version="3.0" name="com.mycompany.quickchat.MessageTest" time="4.772" tests="10" errors="0" skipped="0" failures="0">
  <properties>
[...]
</properties>
  <testcase name="testMessageIDGeneration" classname="com.mycompany.quickchat.MessageTest" time="0.048"/>
  <testcase name="testRecipientNumberSuccess" classname="com.mycompany.quickchat.MessageTest" time="0.001"/>
  <testcase name="testRecipientNumberFailure" classname="com.mycompany.quickchat.MessageTest" time="0.002"/>
  <testcase name="testMessageLengthSuccess" classname="com.mycompany.quickchat.MessageTest" time="0.003"/>
  <testcase name="testMessageHashLoop" classname="com.mycompany.quickchat.MessageTest" time="0.003"/>
  <testcase name="testTotalMessagesCount" classname="com.mycompany.quickchat.MessageTest" time="0.002"/>
  <testcase name="testMessageStoreAction" classname="com.mycompany.quickchat.MessageTest" time="0.015"/>
  <testcase name="testMessageSendAction" classname="com.mycompany.quickchat.MessageTest" time="4.638"/>
  <testcase name="testMessageLengthFailure" classname="com.mycompany.quickchat.MessageTest" time="0.006"/>
  <testcase name="testMessageHashFormat" classname="com.mycompany.quickchat.MessageTest" time="0.003"/>
</testsuite>